[2022-08-09 22:10:33] laravel.EMERGENCY: Unable to create configured logger. Using emergency logger. {"exception":"[object] (InvalidArgumentException(code: 0): Log [] is not defined. at C:\\Users\\Yefry\\Documents\\GitHub\\SISTEMA\\profac-app\\vendor\\laravel\\framework\\src\\Illuminate\\Log\\LogManager.php:200)
[stacktrace]
#0 C:\\Users\\Yefry\\Documents\\GitHub\\SISTEMA\\profac-app\\vendor\\laravel\\framework\\src\\Illuminate\\Log\\LogManager.php(125): Illuminate\\Log\\LogManager->resolve(NULL, NULL)
#1 C:\\Users\\Yefry\\Documents\\GitHub\\SISTEMA\\profac-app\\vendor\\laravel\\framework\\src\\Illuminate\\Log\\LogManager.php(112): Illuminate\\Log\\LogManager->get(NULL)
#2 C:\\Users\\Yefry\\Documents\\GitHub\\SISTEMA\\profac-app\\vendor\\laravel\\framework\\src\\Illuminate\\Log\\LogManager.php(590): Illuminate\\Log\\LogManager->driver()
#3 C:\\Users\\Yefry\\Documents\\GitHub\\SISTEMA\\profac-app\\vendor\\laravel\\framework\\src\\Illuminate\\Foundation\\Exceptions\\Handler.php(249): Illuminate\\Log\\LogManager->error('Class \"Maatwebs...', Array)
#4 C:\\Users\\Yefry\\Documents\\GitHub\\SISTEMA\\profac-app\\vendor\\laravel\\framework\\src\\Illuminate\\Foundation\\Console\\Kernel.php(367): Illuminate\\Foundation\\Exceptions\\Handler->report(Object(Error))
#5 C:\\Users\\Yefry\\Documents\\GitHub\\SISTEMA\\profac-app\\vendor\\laravel\\framework\\src\\Illuminate\\Foundation\\Console\\Kernel.php(131): Illuminate\\Foundation\\Console\\Kernel->reportException(Object(Error))
#6 C:\\Users\\Yefry\\Documents\\GitHub\\SISTEMA\\profac-app\\artisan(37): Illuminate\\Foundation\\Console\\Kernel->handle(Object(Symfony\\Component\\Console\\Input\\ArgvInput), Object(Symfony\\Component\\Console\\Output\\ConsoleOutput))
#7 {main}
"} 
[2022-08-09 22:10:33] laravel.ERROR: Class "Maatwebsite\Excel\Excel" not found {"exception":"[object] (Error(code: 0): Class \"Maatwebsite\\Excel\\Excel\" not found at C:\\Users\\Yefry\\Documents\\GitHub\\SISTEMA\\profac-app\\config\\excel.php:164)
[stacktrace]
#0 C:\\Users\\Yefry\\Documents\\GitHub\\SISTEMA\\profac-app\\vendor\\laravel\\framework\\src\\Illuminate\\Foundation\\Bootstrap\\LoadConfiguration.php(72): require()
#1 C:\\Users\\Yefry\\Documents\\GitHub\\SISTEMA\\profac-app\\vendor\\laravel\\framework\\src\\Illuminate\\Foundation\\Bootstrap\\LoadConfiguration.php(39): Illuminate\\Foundation\\Bootstrap\\LoadConfiguration->loadConfigurationFiles(Object(Illuminate\\Foundation\\Application), Object(Illuminate\\Config\\Repository))
#2 C:\\Users\\Yefry\\Documents\\GitHub\\SISTEMA\\profac-app\\vendor\\laravel\\framework\\src\\Illuminate\\Foundation\\Application.php(239): Illuminate\\Foundation\\Bootstrap\\LoadConfiguration->bootstrap(Object(Illuminate\\Foundation\\Application))
#3 C:\\Users\\Yefry\\Documents\\GitHub\\SISTEMA\\profac-app\\vendor\\laravel\\framework\\src\\Illuminate\\Foundation\\Console\\Kernel.php(310): Illuminate\\Foundation\\Application->bootstrapWith(Array)
#4 C:\\Users\\Yefry\\Documents\\GitHub\\SISTEMA\\profac-app\\vendor\\laravel\\framework\\src\\Illuminate\\Foundation\\Console\\Kernel.php(127): Illuminate\\Foundation\\Console\\Kernel->bootstrap()
#5 C:\\Users\\Yefry\\Documents\\GitHub\\SISTEMA\\profac-app\\artisan(37): Illuminate\\Foundation\\Console\\Kernel->handle(Object(Symfony\\Component\\Console\\Input\\ArgvInput), Object(Symfony\\Component\\Console\\Output\\ConsoleOutput))
#6 {main}
"} 
